<?xml version="1.0" encoding="UTF-8"?>
<!-- Generated by org.testng.reporters.JUnitXMLReporter -->
<testsuite hostname="ATMECSBLRLT-216" ignored="0" name="SampleTest" tests="1" failures="1" timestamp="12 Sep 2022 07:42:00 GMT" time="0.255" errors="0">
  <testcase name="firstTest" time="0.201" classname="com.atmecs.qa.SampleProject.testscript.SampleRegistrationTestScript">
    <failure type="java.lang.NullPointerException">
      <![CDATA[java.lang.NullPointerException
at com.atmecs.qa.SampleProject.testscript.SampleRegistrationTestScript.firstTest(SampleRegistrationTestScript.java:24)
at com.atmecs.qa.SampleProject.runner.TestNGRunner.main(TestNGRunner.java:78)
at org.codehaus.mojo.exec.ExecJavaMojo$1.run(ExecJavaMojo.java:294)
at java.lang.Thread.run(Thread.java:745)
... Removed 26 stack frames]]>
    </failure>
  </testcase> <!-- firstTest -->
</testsuite> <!-- SampleTest -->
