<?xml version="1.0" encoding="UTF-8"?>
<!-- Generated by org.testng.reporters.JUnitXMLReporter -->
<testsuite ignored="0" hostname="ATMECSINLT-1441" failures="0" tests="2" name="Default test" time="6.646" errors="0" timestamp="2022-11-15T23:47:58 IST">
  <testcase classname="com.reskill.testscripts.SauceDemoLoginTest" name="CheckUserNamesandPasswordTextPresent" time="0.08"/>
  <testcase classname="com.reskill.testscripts.SauceDemoLoginTest" name="validLoginTest" time="0.305"/>
</testsuite> <!-- Default test -->
