<?xml version="1.0" encoding="UTF-8"?>
<!-- Generated by org.testng.reporters.JUnitXMLReporter -->
<testsuite ignored="0" hostname="ATMECSINLT-1441" failures="0" tests="5" name="SauceDemo" time="12.434" errors="0" timestamp="2022-11-11T15:45:35 IST">
  <testcase classname="com.reskill.testscripts.SauceDemoTestScripts" name="openUrl" time="3.69"/>
  <testcase classname="com.reskill.testscripts.SauceDemoTestScripts" name="elementCheck" time="0.062"/>
  <testcase classname="com.reskill.testscripts.SauceDemoTestScripts" name="Login" time="0.326"/>
  <testcase classname="com.reskill.testscripts.SauceDemoTestScripts" name="verifyMenuList" time="5.491"/>
  <testcase classname="com.reskill.testscripts.SauceDemoTestScripts" name="Product1" time="0.938"/>
</testsuite> <!-- SauceDemo -->
