<?xml version="1.0" encoding="UTF-8"?>
<!-- Generated by org.testng.reporters.JUnitXMLReporter -->
<testsuite ignored="0" hostname="ATMECSCBELT-013" failures="0" tests="4" name="ChromeTest" time="66.342" errors="0" timestamp="2023-02-03T16:45:33 IST">
  <testcase classname="org.atmecs.orangehrm.testscripts.DirectoryPage" name="login" time="6.968"/>
  <testcase classname="org.atmecs.orangehrm.testscripts.DirectoryPage" name="directory_EmployeeName" time="13.422"/>
  <testcase classname="org.atmecs.orangehrm.testscripts.DirectoryPage" name="directory_JobTitle" time="21.793"/>
  <testcase classname="org.atmecs.orangehrm.testscripts.DirectoryPage" name="directory_Location" time="16.38"/>
</testsuite> <!-- ChromeTest -->
