<?xml version="1.0" encoding="UTF-8"?>
<!-- Generated by org.testng.reporters.JUnitXMLReporter -->
<testsuite ignored="0" hostname="ATMECSCBELT-022" failures="0" tests="3" name="OrangeHRM firefox report" time="40.957" errors="0" timestamp="2023-03-20T08:06:43 IST">
  <testcase classname="org.qa.orangehrm.testscripts.LoginTest" name="validCredentials" time="20.152"/>
  <testcase classname="org.qa.orangehrm.testscripts.LoginTest" name="inValidCredentials" time="14.985"/>
  <testcase classname="org.qa.orangehrm.testscripts.LoginTest" name="invalidCredentials" time="0.11"/>
</testsuite> <!-- OrangeHRM firefox report -->
