<?xml version="1.0" encoding="UTF-8"?>
<!-- Generated by org.testng.reporters.JUnitXMLReporter -->
<testsuite ignored="0" hostname="ATMECSCBELT-022" failures="0" tests="3" name="OrangeHRM chrome report" time="3.554" errors="0" timestamp="2023-03-20T08:05:56 IST">
  <testcase classname="org.qa.orangehrm.testscripts.LoginTest" name="validCredentials" time="0.528"/>
  <testcase classname="org.qa.orangehrm.testscripts.LoginTest" name="inValidCredentials" time="0.054"/>
  <testcase classname="org.qa.orangehrm.testscripts.LoginTest" name="invalidCredentials" time="0.048"/>
</testsuite> <!-- OrangeHRM chrome report -->
