<?xml version="1.0" encoding="UTF-8"?>
<!-- Generated by org.testng.reporters.JUnitXMLReporter -->
<testsuite ignored="0" hostname="ATMECSCBELT-022" failures="0" tests="3" name="OrangeHRM edge report" time="6.123" errors="0" timestamp="2023-03-20T08:06:02 IST">
  <testcase classname="org.qa.orangehrm.testscripts.LoginTest" name="validCredentials" time="2.893"/>
  <testcase classname="org.qa.orangehrm.testscripts.LoginTest" name="inValidCredentials" time="0.111"/>
  <testcase classname="org.qa.orangehrm.testscripts.LoginTest" name="invalidCredentials" time="0.13"/>
</testsuite> <!-- OrangeHRM edge report -->
