<?xml version="1.0" encoding="UTF-8"?>
<testng-results ignored="0" total="0" passed="0" failed="0" skipped="0">
  <reporter-output>
  </reporter-output>
  <suite started-at="2022-09-25T19:10:34Z" name="com.atmecs.qa.SampleProject.AppTest" finished-at="2022-09-25T19:10:34Z" duration-ms="3">
    <groups>
    </groups>
    <test started-at="2022-09-25T19:10:34Z" name="Command line test" finished-at="2022-09-25T19:10:34Z" duration-ms="3">
    </test> <!-- Command line test -->
  </suite> <!-- com.atmecs.qa.SampleProject.AppTest -->
</testng-results>
