<?xml version="1.0" encoding="UTF-8"?>
<!-- Generated by org.testng.reporters.JUnitXMLReporter -->
<testsuite ignored="0" hostname="ATMECSCBELT-010" failures="0" tests="3" name="Login" time="3.632" errors="0" timestamp="2023-07-12T21:06:24 IST">
  <testcase classname="org.qa.orangehrm.basetest.BaseTest" name="@AfterTest tearDown" time="0.0">
    <failure type="java.lang.NullPointerException" message="Cannot invoke &amp;quot;org.openqa.selenium.WebDriver.quit()&amp;quot; because &amp;quot;org.qa.orangehrm.basetest.BaseTest.driver&amp;quot; is null">
      <![CDATA[java.lang.NullPointerException: Cannot invoke "org.openqa.selenium.WebDriver.quit()" because "org.qa.orangehrm.basetest.BaseTest.driver" is null
at org.qa.orangehrm.basetest.BaseTest.tearDown(BaseTest.java:68)
... Removed 24 stack frames]]>
    </failure>
  </testcase> <!-- @AfterTest tearDown -->
  <testcase classname="org.qa.orangehrm.testscripts.LoginTest" name="validCredentials" time="0.729"/>
  <testcase classname="org.qa.orangehrm.testscripts.LoginTest" name="inValidCredentials" time="0.067"/>
  <testcase classname="org.qa.orangehrm.testscripts.LoginTest" name="invalidCredentials" time="0.058"/>
</testsuite> <!-- Login -->
