<?xml version="1.0" encoding="UTF-8"?>
<!-- Generated by org.testng.reporters.JUnitXMLReporter -->
<testsuite ignored="0" hostname="ATMECSCBELT-022" failures="1" tests="3" name="PositiveLogin" time="9.829" errors="0" timestamp="2023-03-17T16:15:28 IST">
  <testcase classname="org.qa.orangehrm.testscripts.LoginTest" name="validCredentials" time="0.0">
    <failure type="org.testng.TestNGException" message="
Cannot inject @Test annotated Method [validCredentials] with [class java.lang.String].
For more information on native dependency injection please refer to https://testng.org/doc/documentation-main.html#native-dependency-injection">
      <![CDATA[org.testng.TestNGException: 
Cannot inject @Test annotated Method [validCredentials] with [class java.lang.String].
For more information on native dependency injection please refer to https://testng.org/doc/documentation-main.html#native-dependency-injection
at java.base/java.util.ArrayList.forEach(ArrayList.java:1511)
... Removed 26 stack frames]]>
    </failure>
  </testcase> <!-- validCredentials -->
  <testcase classname="org.qa.orangehrm.testscripts.LoginTest" name="inValidCredentials" time="0.698"/>
  <testcase classname="org.qa.orangehrm.testscripts.LoginTest" name="invalidCredentials" time="0.153"/>
</testsuite> <!-- PositiveLogin -->
