<?xml version="1.0" encoding="UTF-8"?>
<!-- Generated by org.testng.reporters.JUnitXMLReporter -->
<testsuite ignored="0" hostname="ATMECSCBELT-022" failures="0" tests="3" name="Recruitment" time="102.852" errors="0" timestamp="2023-03-21T11:11:03 IST">
  <testcase classname="org.qa.orangehrm.testscripts.RecruitmentTest" name="addCandidateOne" time="38.695"/>
  <testcase classname="org.qa.orangehrm.testscripts.RecruitmentTest" name="addCandidateTwo" time="26.325"/>
  <testcase classname="org.qa.orangehrm.testscripts.RecruitmentTest" name="addCandidateThree" time="25.939"/>
</testsuite> <!-- Recruitment -->
