<?xml version="1.0" encoding="UTF-8"?>
<!-- Generated by org.testng.reporters.JUnitXMLReporter -->
<testsuite ignored="0" hostname="ATMECSCBELT-022" failures="1" tests="1" name="RecruitmentTest" time="21.967" errors="0" timestamp="2023-03-19T14:25:03 IST">
  <testcase classname="org.qa.orangehrm.testscripts.RecruitmentTest" name="addCandidate1" time="11.864">
    <failure type="java.lang.NullPointerException" message="Cannot invoke &amp;quot;String.contains(java.lang.CharSequence)&amp;quot; because the return value of &amp;quot;org.qa.orangehrm.actions.RecruitmentPageActions.getText(org.openqa.selenium.By)&amp;quot; is null">
      <![CDATA[java.lang.NullPointerException: Cannot invoke "String.contains(java.lang.CharSequence)" because the return value of "org.qa.orangehrm.actions.RecruitmentPageActions.getText(org.openqa.selenium.By)" is null
at org.qa.orangehrm.actions.RecruitmentPageActions.verifyCreatedCandidate(RecruitmentPageActions.java:73)
at org.qa.orangehrm.actions.RecruitmentPageActions.recruitment(RecruitmentPageActions.java:16)
at org.qa.orangehrm.testscripts.RecruitmentTest.addCandidate1(RecruitmentTest.java:21)
at java.base/java.util.ArrayList.forEach(ArrayList.java:1511)
... Removed 27 stack frames]]>
    </failure>
  </testcase> <!-- addCandidate1 -->
</testsuite> <!-- RecruitmentTest -->
