<?xml version="1.0" encoding="UTF-8"?>
<!-- Generated by org.testng.reporters.JUnitXMLReporter -->
<testsuite ignored="0" hostname="ATMECSCBELT-022" failures="0" tests="3" name="Login" time="19.949" errors="0" timestamp="2023-03-20T17:46:03 IST">
  <testcase classname="org.qa.orangehrm.testscripts.LoginTest" name="validCredentials" time="6.312"/>
  <testcase classname="org.qa.orangehrm.testscripts.LoginTest" name="inValidCredentials" time="2.15"/>
  <testcase classname="org.qa.orangehrm.testscripts.LoginTest" name="invalidCredentials" time="1.854"/>
</testsuite> <!-- Login -->
