<?xml version="1.0" encoding="UTF-8"?>
<testng-results ignored="0" total="3" passed="3" failed="0" skipped="0">
  <reporter-output>
  </reporter-output>
  <suite started-at="2023-07-12T21:06:20 IST" name="Suite" finished-at="2023-07-12T21:06:24 IST" duration-ms="3632">
    <groups>
    </groups>
    <test started-at="2023-07-12T21:06:20 IST" name="Login" finished-at="2023-07-12T21:06:24 IST" duration-ms="3632">
      <class name="org.qa.orangehrm.testscripts.LoginTest">
        <test-method is-config="true" signature="browserLaunch(java.lang.String)[pri:0, instance:org.qa.orangehrm.testscripts.LoginTest@38e79ae3]" started-at="2023-07-12T21:06:20 IST" name="browserLaunch" finished-at="2023-07-12T21:06:23 IST" duration-ms="2738" status="PASS">
          <params>
            <param index="0">
              <value>
                <![CDATA[chrome]]>
              </value>
            </param>
          </params>
          <reporter-output>
          </reporter-output>
        </test-method> <!-- browserLaunch -->
        <test-method signature="validCredentials()[pri:0, instance:org.qa.orangehrm.testscripts.LoginTest@38e79ae3]" started-at="2023-07-12T21:06:23 IST" name="validCredentials" description="This method is used to validate login functionality with invalid credentials" finished-at="2023-07-12T21:06:24 IST" duration-ms="729" status="PASS">
          <reporter-output>
          </reporter-output>
        </test-method> <!-- validCredentials -->
        <test-method signature="inValidCredentials()[pri:1, instance:org.qa.orangehrm.testscripts.LoginTest@38e79ae3]" started-at="2023-07-12T21:06:24 IST" name="inValidCredentials" description="This method is used to validate login functionality with invalid credentials" finished-at="2023-07-12T21:06:24 IST" duration-ms="67" status="PASS">
          <reporter-output>
          </reporter-output>
        </test-method> <!-- inValidCredentials -->
        <test-method signature="invalidCredentials()[pri:2, instance:org.qa.orangehrm.testscripts.LoginTest@38e79ae3]" started-at="2023-07-12T21:06:24 IST" name="invalidCredentials" description="This method is used to validate login functionality with invalid credentials" finished-at="2023-07-12T21:06:24 IST" duration-ms="58" status="PASS">
          <reporter-output>
          </reporter-output>
        </test-method> <!-- invalidCredentials -->
        <test-method is-config="true" signature="tearDown()[pri:0, instance:org.qa.orangehrm.testscripts.LoginTest@38e79ae3]" started-at="2023-07-12T21:06:24 IST" name="tearDown" finished-at="2023-07-12T21:06:24 IST" duration-ms="0" status="FAIL">
          <exception class="java.lang.NullPointerException">
            <message>
              <![CDATA[Cannot invoke "org.openqa.selenium.WebDriver.quit()" because "org.qa.orangehrm.basetest.BaseTest.driver" is null]]>
            </message>
            <full-stacktrace>
              <![CDATA[java.lang.NullPointerException: Cannot invoke "org.openqa.selenium.WebDriver.quit()" because "org.qa.orangehrm.basetest.BaseTest.driver" is null
at org.qa.orangehrm.basetest.BaseTest.tearDown(BaseTest.java:68)
at java.base/jdk.internal.reflect.NativeMethodAccessorImpl.invoke0(Native Method)
at java.base/jdk.internal.reflect.NativeMethodAccessorImpl.invoke(NativeMethodAccessorImpl.java:77)
at java.base/jdk.internal.reflect.DelegatingMethodAccessorImpl.invoke(DelegatingMethodAccessorImpl.java:43)
at java.base/java.lang.reflect.Method.invoke(Method.java:568)
at org.testng.internal.MethodInvocationHelper.invokeMethod(MethodInvocationHelper.java:133)
at org.testng.internal.MethodInvocationHelper.invokeMethodConsideringTimeout(MethodInvocationHelper.java:62)
at org.testng.internal.ConfigInvoker.invokeConfigurationMethod(ConfigInvoker.java:385)
at org.testng.internal.ConfigInvoker.invokeConfigurations(ConfigInvoker.java:321)
at org.testng.TestRunner.invokeTestConfigurations(TestRunner.java:637)
at org.testng.TestRunner.afterRun(TestRunner.java:877)
at org.testng.TestRunner.run(TestRunner.java:599)
at org.testng.SuiteRunner.runTest(SuiteRunner.java:377)
at org.testng.SuiteRunner.runSequentially(SuiteRunner.java:371)
at org.testng.SuiteRunner.privateRun(SuiteRunner.java:332)
at org.testng.SuiteRunner.run(SuiteRunner.java:276)
at org.testng.SuiteRunnerWorker.runSuite(SuiteRunnerWorker.java:53)
at org.testng.SuiteRunnerWorker.run(SuiteRunnerWorker.java:96)
at org.testng.TestNG.runSuitesSequentially(TestNG.java:1212)
at org.testng.TestNG.runSuitesLocally(TestNG.java:1134)
at org.testng.TestNG.runSuites(TestNG.java:1063)
at org.testng.TestNG.run(TestNG.java:1031)
at org.testng.remote.AbstractRemoteTestNG.run(AbstractRemoteTestNG.java:115)
at org.testng.remote.RemoteTestNG.initAndRun(RemoteTestNG.java:251)
at org.testng.remote.RemoteTestNG.main(RemoteTestNG.java:77)
]]>
            </full-stacktrace>
          </exception> <!-- java.lang.NullPointerException -->
          <reporter-output>
          </reporter-output>
        </test-method> <!-- tearDown -->
      </class> <!-- org.qa.orangehrm.testscripts.LoginTest -->
    </test> <!-- Login -->
  </suite> <!-- Suite -->
</testng-results>
