<?xml version="1.0" encoding="UTF-8"?>
<!-- Generated by org.testng.reporters.JUnitXMLReporter -->
<testsuite ignored="0" hostname="DESKTOP-EBMF6A6" failures="0" tests="2" name="ModifiedStudentRegistrationPage" time="54.799" errors="0" timestamp="2022-08-23T14:31:31 IST">
  <testcase classname="com.reskill.testscripts.ModifiedSutdentRegistration" name="launchBrowser" time="26.798"/>
  <testcase classname="com.reskill.testscripts.ModifiedSutdentRegistration" name="studentRegistration" time="27.902"/>
</testsuite> <!-- ModifiedStudentRegistrationPage -->
