<?xml version="1.0" encoding="UTF-8"?>
<!-- Generated by org.testng.reporters.JUnitXMLReporter -->
<testsuite ignored="0" hostname="ATMECSINLT-1441" failures="0" tests="3" name="SauceDemo" time="7.131" errors="0" timestamp="2022-11-09T16:46:35 IST">
  <testcase classname="com.reskill.testscripts.SauceDemoTestScripts" name="openUrl" time="3.981"/>
  <testcase classname="com.reskill.testscripts.SauceDemoTestScripts" name="isDisplay" time="0.101"/>
  <testcase classname="com.reskill.testscripts.SauceDemoTestScripts" name="getLogin" time="0.301"/>
</testsuite> <!-- SauceDemo -->
