<?xml version="1.0" encoding="UTF-8"?>
<testng-results ignored="0" total="1" passed="1" failed="0" skipped="0">
  <reporter-output>
  </reporter-output>
  <suite started-at="2022-08-24T00:55:37 IST" name="Default suite" finished-at="2022-08-24T00:55:59 IST" duration-ms="21700">
    <groups>
    </groups>
    <test started-at="2022-08-24T00:55:37 IST" name="Default test" finished-at="2022-08-24T00:55:59 IST" duration-ms="21700">
      <class name="com.reskill.testscripts.SutdentRegistration">
        <test-method is-config="true" signature="launchBrowser()[pri:0, instance:com.reskill.testscripts.SutdentRegistration@279fedbd]" started-at="2022-08-24T00:55:37 IST" name="launchBrowser" finished-at="2022-08-24T00:55:53 IST" duration-ms="15307" status="PASS">
          <reporter-output>
          </reporter-output>
        </test-method> <!-- launchBrowser -->
        <test-method signature="studentRegistration()[pri:0, instance:com.reskill.testscripts.SutdentRegistration@279fedbd]" started-at="2022-08-24T00:55:53 IST" name="studentRegistration" finished-at="2022-08-24T00:55:59 IST" duration-ms="6016" status="PASS">
          <reporter-output>
          </reporter-output>
        </test-method> <!-- studentRegistration -->
        <test-method is-config="true" signature="Teardown()[pri:0, instance:com.reskill.testscripts.SutdentRegistration@279fedbd]" started-at="2022-08-24T00:55:59 IST" name="Teardown" finished-at="2022-08-24T00:55:59 IST" duration-ms="315" status="PASS">
          <reporter-output>
          </reporter-output>
        </test-method> <!-- Teardown -->
      </class> <!-- com.reskill.testscripts.SutdentRegistration -->
    </test> <!-- Default test -->
  </suite> <!-- Default suite -->
</testng-results>
