<?xml version="1.0" encoding="UTF-8"?>
<testng-results ignored="0" total="2" passed="2" failed="0" skipped="0">
  <reporter-output>
  </reporter-output>
  <suite started-at="2022-11-15T23:47:52 IST" name="Default suite" finished-at="2022-11-15T23:47:58 IST" duration-ms="6646">
    <groups>
    </groups>
    <test started-at="2022-11-15T23:47:52 IST" name="Default test" finished-at="2022-11-15T23:47:58 IST" duration-ms="6646">
      <class name="com.reskill.testscripts.SauceDemoLoginTest">
        <test-method is-config="true" signature="selectBrowser()[pri:0, instance:com.reskill.testscripts.SauceDemoLoginTest@f0da945]" started-at="2022-11-15T23:47:52 IST" name="selectBrowser" finished-at="2022-11-15T23:47:58 IST" duration-ms="6046" status="PASS">
          <reporter-output>
          </reporter-output>
        </test-method> <!-- selectBrowser -->
        <test-method signature="CheckUserNamesandPasswordTextPresent()[pri:0, instance:com.reskill.testscripts.SauceDemoLoginTest@f0da945]" started-at="2022-11-15T23:47:58 IST" name="CheckUserNamesandPasswordTextPresent" finished-at="2022-11-15T23:47:58 IST" duration-ms="80" status="PASS">
          <reporter-output>
          </reporter-output>
        </test-method> <!-- CheckUserNamesandPasswordTextPresent -->
        <test-method signature="validLoginTest()[pri:0, instance:com.reskill.testscripts.SauceDemoLoginTest@f0da945]" started-at="2022-11-15T23:47:58 IST" name="validLoginTest" finished-at="2022-11-15T23:47:58 IST" duration-ms="305" status="PASS">
          <reporter-output>
          </reporter-output>
        </test-method> <!-- validLoginTest -->
        <test-method is-config="true" signature="closeDriver()[pri:0, instance:com.reskill.testscripts.SauceDemoLoginTest@f0da945]" started-at="2022-11-15T23:47:58 IST" name="closeDriver" finished-at="2022-11-15T23:47:58 IST" duration-ms="186" status="PASS">
          <reporter-output>
          </reporter-output>
        </test-method> <!-- closeDriver -->
      </class> <!-- com.reskill.testscripts.SauceDemoLoginTest -->
    </test> <!-- Default test -->
  </suite> <!-- Default suite -->
</testng-results>
