<?xml version="1.0" encoding="UTF-8"?>
<!-- Generated by org.testng.reporters.JUnitXMLReporter -->
<testsuite ignored="0" hostname="ATMECSBLRLT-216" failures="1" tests="1" name="SampleTest" time="0.077" errors="0" timestamp="11 Sep 2022 19:57:35 GMT">
  <testcase classname="com.atmecs.qa.SampleProject.testscript.SampleRegistrationTestScript" name="firstTest" time="0.002">
    <failure type="java.lang.NullPointerException" message="Cannot invoke &amp;quot;org.openqa.selenium.WebDriver.get(String)&amp;quot; because &amp;quot;driver&amp;quot; is null">
      <![CDATA[java.lang.NullPointerException: Cannot invoke "org.openqa.selenium.WebDriver.get(String)" because "driver" is null
at com.atmecs.qa.SampleProject.testscript.SampleRegistrationTestScript.firstTest(SampleRegistrationTestScript.java:37)
at com.atmecs.qa.SampleProject.runner.TestNGRunner.main(TestNGRunner.java:78)
at org.codehaus.mojo.exec.ExecJavaMojo$1.run(ExecJavaMojo.java:294)
at java.base/java.lang.Thread.run(Thread.java:833)
... Removed 26 stack frames]]>
    </failure>
  </testcase> <!-- firstTest -->
</testsuite> <!-- SampleTest -->
