<?xml version="1.0" encoding="UTF-8"?>
<!-- Generated by org.testng.reporters.JUnitXMLReporter -->
<testsuite ignored="6" hostname="ATMECSCBELT-013" failures="0" tests="20" name="ChromeTest" time="432.756" errors="0" timestamp="2023-02-06T15:06:26 IST">
  <testcase classname="org.atmecs.orangehrm.testscripts.LoginPage" name="invalidCredentials" time="10.089"/>
  <testcase classname="org.atmecs.orangehrm.testscripts.LoginPage" name="emptyCredentials" time="5.509"/>
  <testcase classname="org.atmecs.orangehrm.testscripts.LoginPage" name="validCredentials" time="5.654"/>
  <testcase classname="org.atmecs.orangehrm.testscripts.DirectoryPage" name="login" time="0.04"/>
  <testcase classname="org.atmecs.orangehrm.testscripts.DirectoryPage" name="directory_EmployeeName" time="13.564"/>
  <testcase classname="org.atmecs.orangehrm.testscripts.DirectoryPage" name="directory_JobTitle" time="54.865"/>
  <testcase classname="org.atmecs.orangehrm.testscripts.DirectoryPage" name="directory_Location" time="12.337"/>
  <testcase classname="org.atmecs.orangehrm.testscripts.PIMPage" name="login" time="0.025"/>
  <testcase classname="org.atmecs.orangehrm.testscripts.PIMPage" name="addEmployee_PIM" time="87.702"/>
  <testcase classname="org.atmecs.orangehrm.testscripts.PIMPage" name="verifyEmployee_PIM" time="31.233"/>
  <testcase classname="org.atmecs.orangehrm.testscripts.AdminPage" name="login" time="0.029"/>
  <testcase classname="org.atmecs.orangehrm.testscripts.AdminPage" name="searchUser_Admin_User" time="13.944"/>
  <testcase classname="org.atmecs.orangehrm.testscripts.AdminPage" name="deleteUser_Admin_User" time="13.941"/>
  <testcase classname="org.atmecs.orangehrm.testscripts.AdminPage" name="addStatus_Admin_Job" time="13.893"/>
  <testcase classname="org.atmecs.orangehrm.testscripts.AdminPage" name="editStatus_Admin_Job" time="12.207"/>
  <testcase classname="org.atmecs.orangehrm.testscripts.AdminPage" name="deleteStatus_Admin_Job" time="6.324"/>
  <testcase classname="org.atmecs.orangehrm.testscripts.AdminPage" name="addShift_Admin_Job" time="31.653"/>
  <testcase classname="org.atmecs.orangehrm.testscripts.AdminPage" name="deleteShift_Admin_Job" time="6.841"/>
  <testcase classname="org.atmecs.orangehrm.testscripts.AdminPage" name="addLocation_Admin_Location" time="88.765"/>
  <testcase classname="org.atmecs.orangehrm.testscripts.AdminPage" name="searchLocation_Admin_Location" time="17.544"/>
  <testcase classname="org.atmecs.orangehrm.reusables.HelperClass" name="@BeforeTest selectBrowser" time="0.0">
    <ignored/>
  </testcase> <!-- @BeforeTest selectBrowser -->
  <testcase classname="org.atmecs.orangehrm.reusables.HelperClass" name="@AfterTest closeBrowser" time="0.0">
    <ignored/>
  </testcase> <!-- @AfterTest closeBrowser -->
  <testcase classname="org.atmecs.orangehrm.reusables.HelperClass" name="@AfterTest closeBrowser" time="0.0">
    <ignored/>
  </testcase> <!-- @AfterTest closeBrowser -->
  <testcase classname="org.atmecs.orangehrm.reusables.HelperClass" name="@AfterTest closeBrowser" time="0.0">
    <ignored/>
  </testcase> <!-- @AfterTest closeBrowser -->
  <testcase classname="org.atmecs.orangehrm.reusables.HelperClass" name="@BeforeTest selectBrowser" time="0.0">
    <ignored/>
  </testcase> <!-- @BeforeTest selectBrowser -->
  <testcase classname="org.atmecs.orangehrm.reusables.HelperClass" name="@BeforeTest selectBrowser" time="0.0">
    <ignored/>
  </testcase> <!-- @BeforeTest selectBrowser -->
</testsuite> <!-- ChromeTest -->
