<?xml version="1.0" encoding="UTF-8"?>
<!-- Generated by org.testng.reporters.JUnitXMLReporter -->
<testsuite ignored="0" hostname="ATMECSCBELT-013" failures="0" tests="3" name="EdgeTest" time="31.91" errors="0" timestamp="2023-02-02T17:45:55 IST">
  <testcase classname="org.atmecs.orangehrm.testscripts.LoginPage" name="invalidCredentials" time="10.231"/>
  <testcase classname="org.atmecs.orangehrm.testscripts.LoginPage" name="emptyCredentials" time="5.727"/>
  <testcase classname="org.atmecs.orangehrm.testscripts.LoginPage" name="validCredentials" time="7.259"/>
</testsuite> <!-- EdgeTest -->
